09-Jan-22 15:43:16 - INFO - SmartPot - Initializing ADC on Bus Number 1
09-Jan-22 15:43:16 - INFO - SmartPot - Initializing DHT11 on pin 18...
09-Jan-22 15:43:16 - INFO - SmartPot - Initializing PowerOutputPins X4,X5 and X6...
09-Jan-22 15:43:16 - INFO - SmartPot - SmartPot initalized
09-Jan-22 15:43:16 - DEBUG - Converted retries value: 3 -> Retry(total=3, connect=None, read=None, redirect=0, status=None)
09-Jan-22 15:43:16 - DEBUG - Starting new HTTPS connection (1): api.telegram.org:443
09-Jan-22 15:43:16 - DEBUG - https://api.telegram.org:443 "POST /bot5001234212:AAEim1ICtmrC_SH0jm043CEv7X-RuIFuY4k/getMe HTTP/1.1" 200 210
09-Jan-22 15:43:16 - DEBUG - Converted retries value: 3 -> Retry(total=3, connect=None, read=None, redirect=0, status=None)
09-Jan-22 15:43:16 - DEBUG - https://api.telegram.org:443 "POST /bot5001234212:AAEim1ICtmrC_SH0jm043CEv7X-RuIFuY4k/getUpdates HTTP/1.1" 200 23
09-Jan-22 15:43:16 - DEBUG - Converted retries value: 3 -> Retry(total=3, connect=None, read=None, redirect=0, status=None)
09-Jan-22 15:43:17 - DEBUG - https://api.telegram.org:443 "POST /bot5001234212:AAEim1ICtmrC_SH0jm043CEv7X-RuIFuY4k/sendMessage HTTP/1.1" 200 300
09-Jan-22 15:43:17 - DEBUG - Converted retries value: 3 -> Retry(total=3, connect=None, read=None, redirect=0, status=None)
09-Jan-22 15:43:17 - DEBUG - https://api.telegram.org:443 "POST /bot5001234212:AAEim1ICtmrC_SH0jm043CEv7X-RuIFuY4k/sendMessage HTTP/1.1" 200 1767
09-Jan-22 15:43:17 - INFO - TimeBasedMonitor - Initiliazing Monitor for Info.
09-Jan-22 15:43:17 - INFO - TimeBasedMonitor - Successfully initilized Info Monitor.
09-Jan-22 15:43:17 - INFO - TimeBasedMonitor - Starting Monitor for Info in a new Thread...
09-Jan-22 15:43:17 - DEBUG - Converted retries value: 3 -> Retry(total=3, connect=None, read=None, redirect=0, status=None)
09-Jan-22 15:43:17 - INFO - SmartPot - Start humidity measurement.
09-Jan-22 15:43:17 - DEBUG - DHT - Acquiring Lock on DHT Device...
09-Jan-22 15:43:30 - DEBUG - https://api.telegram.org:443 "POST /bot5001234212:AAEim1ICtmrC_SH0jm043CEv7X-RuIFuY4k/getUpdates HTTP/1.1" 200 2093
09-Jan-22 15:43:30 - DEBUG - Converted retries value: 3 -> Retry(total=3, connect=None, read=None, redirect=0, status=None)
09-Jan-22 15:43:30 - DEBUG - Converted retries value: 3 -> Retry(total=3, connect=None, read=None, redirect=0, status=None)
09-Jan-22 15:43:30 - DEBUG - Starting new HTTPS connection (2): api.telegram.org:443
09-Jan-22 15:43:30 - DEBUG - https://api.telegram.org:443 "POST /bot5001234212:AAEim1ICtmrC_SH0jm043CEv7X-RuIFuY4k/sendMessage HTTP/1.1" 200 1767
09-Jan-22 15:43:32 - DEBUG - https://api.telegram.org:443 "POST /bot5001234212:AAEim1ICtmrC_SH0jm043CEv7X-RuIFuY4k/getUpdates HTTP/1.1" 200 2093
09-Jan-22 15:43:32 - DEBUG - Converted retries value: 3 -> Retry(total=3, connect=None, read=None, redirect=0, status=None)
09-Jan-22 15:43:32 - DEBUG - Converted retries value: 3 -> Retry(total=3, connect=None, read=None, redirect=0, status=None)
09-Jan-22 15:43:32 - DEBUG - https://api.telegram.org:443 "POST /bot5001234212:AAEim1ICtmrC_SH0jm043CEv7X-RuIFuY4k/sendMessage HTTP/1.1" 200 1767
09-Jan-22 15:43:34 - DEBUG - https://api.telegram.org:443 "POST /bot5001234212:AAEim1ICtmrC_SH0jm043CEv7X-RuIFuY4k/getUpdates HTTP/1.1" 200 2093
09-Jan-22 15:43:34 - DEBUG - Converted retries value: 3 -> Retry(total=3, connect=None, read=None, redirect=0, status=None)
09-Jan-22 15:43:34 - DEBUG - Converted retries value: 3 -> Retry(total=3, connect=None, read=None, redirect=0, status=None)
09-Jan-22 15:43:34 - DEBUG - https://api.telegram.org:443 "POST /bot5001234212:AAEim1ICtmrC_SH0jm043CEv7X-RuIFuY4k/sendMessage HTTP/1.1" 200 1767
09-Jan-22 15:43:38 - DEBUG - https://api.telegram.org:443 "POST /bot5001234212:AAEim1ICtmrC_SH0jm043CEv7X-RuIFuY4k/getUpdates HTTP/1.1" 200 2105
09-Jan-22 15:43:38 - INFO - SmartPot - Start humidity measurement.
09-Jan-22 15:43:38 - DEBUG - DHT - Acquiring Lock on DHT Device...
09-Jan-22 15:43:38 - DEBUG - Converted retries value: 3 -> Retry(total=3, connect=None, read=None, redirect=0, status=None)
09-Jan-22 15:43:41 - DEBUG - https://api.telegram.org:443 "POST /bot5001234212:AAEim1ICtmrC_SH0jm043CEv7X-RuIFuY4k/getUpdates HTTP/1.1" 200 2093
09-Jan-22 15:43:41 - DEBUG - Converted retries value: 3 -> Retry(total=3, connect=None, read=None, redirect=0, status=None)
09-Jan-22 15:43:55 - DEBUG - DHT - Released Lock on DHT Device...
09-Jan-22 15:43:55 - INFO - SmartPot - Humidity measurement finished at None%.
09-Jan-22 15:43:55 - INFO - SmartPot - Start temperature measurement.
09-Jan-22 15:43:55 - DEBUG - DHT - Acquiring Lock on DHT Device...
09-Jan-22 15:44:01 - DEBUG - https://api.telegram.org:443 "POST /bot5001234212:AAEim1ICtmrC_SH0jm043CEv7X-RuIFuY4k/getUpdates HTTP/1.1" 200 327
09-Jan-22 15:44:01 - DEBUG - Converted retries value: 3 -> Retry(total=3, connect=None, read=None, redirect=0, status=None)
